[debug] [2021-07-22T06:57:56.700Z] ----------------------------------------------------------------------
[debug] [2021-07-22T06:57:56.702Z] Command:       /usr/local/bin/node /usr/local/bin/firebase deploy
[debug] [2021-07-22T06:57:56.702Z] CLI Version:   9.8.0
[debug] [2021-07-22T06:57:56.702Z] Platform:      darwin
[debug] [2021-07-22T06:57:56.702Z] Node Version:  v12.18.2
[debug] [2021-07-22T06:57:56.703Z] Time:          Thu Jul 22 2021 02:57:56 GMT-0400 (Eastern Daylight Time)
[debug] [2021-07-22T06:57:56.703Z] ----------------------------------------------------------------------
[debug] 
[debug] [2021-07-22T06:57:56.708Z] > command requires scopes: ["email","openid","https://www.googleapis.com/auth/cloudplatformprojects.readonly","https://www.googleapis.com/auth/firebase","https://www.googleapis.com/auth/cloud-platform"]
[debug] [2021-07-22T06:57:56.709Z] > authorizing via signed-in user
[debug] [2021-07-22T06:57:56.709Z] [iam] checking project milliontoken-94cf3 for permissions ["cloudfunctions.functions.create","cloudfunctions.functions.delete","cloudfunctions.functions.get","cloudfunctions.functions.list","cloudfunctions.functions.update","cloudfunctions.operations.get","firebase.projects.get","firebasehosting.sites.update"]
[debug] [2021-07-22T06:57:56.710Z] >>> HTTP REQUEST POST https://cloudresourcemanager.googleapis.com/v1/projects/milliontoken-94cf3:testIamPermissions  
 {"permissions":["cloudfunctions.functions.create","cloudfunctions.functions.delete","cloudfunctions.functions.get","cloudfunctions.functions.list","cloudfunctions.functions.update","cloudfunctions.operations.get","firebase.projects.get","firebasehosting.sites.update"]}
[debug] [2021-07-22T06:57:56.807Z] <<< HTTP RESPONSE 200 {"content-type":"application/json; charset=UTF-8","vary":"X-Origin, Referer, Origin,Accept-Encoding","date":"Thu, 22 Jul 2021 06:57:56 GMT","server":"ESF","cache-control":"private","x-xss-protection":"0","x-frame-options":"SAMEORIGIN","x-content-type-options":"nosniff","server-timing":"gfet4t7; dur=35","alt-svc":"h3=\":443\"; ma=2592000,h3-29=\":443\"; ma=2592000,h3-T051=\":443\"; ma=2592000,h3-Q050=\":443\"; ma=2592000,h3-Q046=\":443\"; ma=2592000,h3-Q043=\":443\"; ma=2592000,quic=\":443\"; ma=2592000; v=\"46,43\"","accept-ranges":"none","transfer-encoding":"chunked"}
[debug] [2021-07-22T06:57:56.808Z] >>> HTTP REQUEST POST https://iam.googleapis.com/v1/projects/milliontoken-94cf3/serviceAccounts/milliontoken-94cf3@appspot.gserviceaccount.com:testIamPermissions  
 {"permissions":["iam.serviceAccounts.actAs"]}
[debug] [2021-07-22T06:57:56.909Z] <<< HTTP RESPONSE 200 {"content-type":"application/json; charset=UTF-8","vary":"X-Origin, Referer, Origin,Accept-Encoding","date":"Thu, 22 Jul 2021 06:57:57 GMT","server":"ESF","cache-control":"private","x-xss-protection":"0","x-frame-options":"SAMEORIGIN","x-content-type-options":"nosniff","alt-svc":"h3=\":443\"; ma=2592000,h3-29=\":443\"; ma=2592000,h3-T051=\":443\"; ma=2592000,h3-Q050=\":443\"; ma=2592000,h3-Q046=\":443\"; ma=2592000,h3-Q043=\":443\"; ma=2592000,quic=\":443\"; ma=2592000; v=\"46,43\"","accept-ranges":"none","transfer-encoding":"chunked"}
[debug] [2021-07-22T06:57:56.911Z] > refreshing access token with scopes: []
[debug] [2021-07-22T06:57:56.911Z] >>> HTTP REQUEST POST https://www.googleapis.com/oauth2/v3/token  
 <request body omitted>
[debug] [2021-07-22T06:57:56.983Z] <<< HTTP RESPONSE 200 {"expires":"Mon, 01 Jan 1990 00:00:00 GMT","pragma":"no-cache","date":"Thu, 22 Jul 2021 06:57:57 GMT","cache-control":"no-cache, no-store, max-age=0, must-revalidate","content-type":"application/json; charset=utf-8","vary":"X-Origin, Referer, Origin,Accept-Encoding","server":"scaffolding on HTTPServer2","x-xss-protection":"0","x-frame-options":"SAMEORIGIN","x-content-type-options":"nosniff","alt-svc":"h3=\":443\"; ma=2592000,h3-29=\":443\"; ma=2592000,h3-T051=\":443\"; ma=2592000,h3-Q050=\":443\"; ma=2592000,h3-Q046=\":443\"; ma=2592000,h3-Q043=\":443\"; ma=2592000,quic=\":443\"; ma=2592000; v=\"46,43\"","accept-ranges":"none","transfer-encoding":"chunked"}
[debug] [2021-07-22T06:57:57.012Z] >>> [apiv2][query] GET https://firebase.googleapis.com/v1beta1/projects/milliontoken-94cf3 [none]
[debug] [2021-07-22T06:57:57.252Z] <<< [apiv2][status] GET https://firebase.googleapis.com/v1beta1/projects/milliontoken-94cf3 200
[debug] [2021-07-22T06:57:57.252Z] <<< [apiv2][body] GET https://firebase.googleapis.com/v1beta1/projects/milliontoken-94cf3 {"projectId":"milliontoken-94cf3","projectNumber":"613084589747","displayName":"milliontoken","name":"projects/milliontoken-94cf3","resources":{"hostingSite":"milliontoken-94cf3","storageBucket":"milliontoken-94cf3.appspot.com","locationId":"us-central"},"state":"ACTIVE"}
[info] 
[info] === Deploying to 'milliontoken-94cf3'...
[info] 
[info] i  deploying functions, hosting 
[info] i  functions: ensuring required API cloudfunctions.googleapis.com is enabled... 
[debug] [2021-07-22T06:57:58.602Z] > refreshing access token with scopes: ["email","https://www.googleapis.com/auth/cloud-platform","https://www.googleapis.com/auth/cloudplatformprojects.readonly","https://www.googleapis.com/auth/firebase","openid"]
[debug] [2021-07-22T06:57:58.603Z] >>> HTTP REQUEST POST https://www.googleapis.com/oauth2/v3/token  
 <request body omitted>
[debug] [2021-07-22T06:57:58.604Z] > refreshing access token with scopes: ["email","https://www.googleapis.com/auth/cloud-platform","https://www.googleapis.com/auth/cloudplatformprojects.readonly","https://www.googleapis.com/auth/firebase","openid"]
[debug] [2021-07-22T06:57:58.604Z] >>> HTTP REQUEST POST https://www.googleapis.com/oauth2/v3/token  
 <request body omitted>
[info] i  functions: ensuring required API cloudbuild.googleapis.com is enabled... 
[debug] [2021-07-22T06:57:58.605Z] > refreshing access token with scopes: ["email","https://www.googleapis.com/auth/cloud-platform","https://www.googleapis.com/auth/cloudplatformprojects.readonly","https://www.googleapis.com/auth/firebase","openid"]
[debug] [2021-07-22T06:57:58.605Z] >>> HTTP REQUEST POST https://www.googleapis.com/oauth2/v3/token  
 <request body omitted>
[debug] [2021-07-22T06:57:58.699Z] <<< HTTP RESPONSE 200 {"expires":"Mon, 01 Jan 1990 00:00:00 GMT","pragma":"no-cache","date":"Thu, 22 Jul 2021 06:57:58 GMT","cache-control":"no-cache, no-store, max-age=0, must-revalidate","content-type":"application/json; charset=utf-8","vary":"X-Origin, Referer, Origin,Accept-Encoding","server":"scaffolding on HTTPServer2","x-xss-protection":"0","x-frame-options":"SAMEORIGIN","x-content-type-options":"nosniff","alt-svc":"h3=\":443\"; ma=2592000,h3-29=\":443\"; ma=2592000,h3-T051=\":443\"; ma=2592000,h3-Q050=\":443\"; ma=2592000,h3-Q046=\":443\"; ma=2592000,h3-Q043=\":443\"; ma=2592000,quic=\":443\"; ma=2592000; v=\"46,43\"","accept-ranges":"none","transfer-encoding":"chunked"}
[debug] [2021-07-22T06:57:58.721Z] >>> HTTP REQUEST GET https://serviceusage.googleapis.com/v1/projects/milliontoken-94cf3/services/runtimeconfig.googleapis.com  
 
[debug] [2021-07-22T06:57:58.723Z] <<< HTTP RESPONSE 200 {"expires":"Mon, 01 Jan 1990 00:00:00 GMT","date":"Thu, 22 Jul 2021 06:57:58 GMT","cache-control":"no-cache, no-store, max-age=0, must-revalidate","pragma":"no-cache","content-type":"application/json; charset=utf-8","vary":"X-Origin, Referer, Origin,Accept-Encoding","server":"scaffolding on HTTPServer2","x-xss-protection":"0","x-frame-options":"SAMEORIGIN","x-content-type-options":"nosniff","alt-svc":"h3=\":443\"; ma=2592000,h3-29=\":443\"; ma=2592000,h3-T051=\":443\"; ma=2592000,h3-Q050=\":443\"; ma=2592000,h3-Q046=\":443\"; ma=2592000,h3-Q043=\":443\"; ma=2592000,quic=\":443\"; ma=2592000; v=\"46,43\"","accept-ranges":"none","transfer-encoding":"chunked"}
[debug] [2021-07-22T06:57:58.745Z] >>> HTTP REQUEST GET https://serviceusage.googleapis.com/v1/projects/milliontoken-94cf3/services/cloudfunctions.googleapis.com  
 
[debug] [2021-07-22T06:57:58.746Z] <<< HTTP RESPONSE 200 {"pragma":"no-cache","expires":"Mon, 01 Jan 1990 00:00:00 GMT","date":"Thu, 22 Jul 2021 06:57:58 GMT","cache-control":"no-cache, no-store, max-age=0, must-revalidate","content-type":"application/json; charset=utf-8","vary":"X-Origin, Referer, Origin,Accept-Encoding","server":"scaffolding on HTTPServer2","x-xss-protection":"0","x-frame-options":"SAMEORIGIN","x-content-type-options":"nosniff","alt-svc":"h3=\":443\"; ma=2592000,h3-29=\":443\"; ma=2592000,h3-T051=\":443\"; ma=2592000,h3-Q050=\":443\"; ma=2592000,h3-Q046=\":443\"; ma=2592000,h3-Q043=\":443\"; ma=2592000,quic=\":443\"; ma=2592000; v=\"46,43\"","accept-ranges":"none","transfer-encoding":"chunked"}
[debug] [2021-07-22T06:57:58.768Z] >>> HTTP REQUEST GET https://serviceusage.googleapis.com/v1/projects/milliontoken-94cf3/services/cloudbuild.googleapis.com  
 
[debug] [2021-07-22T06:57:59.028Z] <<< HTTP RESPONSE 200 {"content-type":"application/json; charset=UTF-8","vary":"X-Origin, Referer, Origin,Accept-Encoding","date":"Thu, 22 Jul 2021 06:57:59 GMT","server":"ESF","cache-control":"private","x-xss-protection":"0","x-frame-options":"SAMEORIGIN","x-content-type-options":"nosniff","alt-svc":"h3=\":443\"; ma=2592000,h3-29=\":443\"; ma=2592000,h3-T051=\":443\"; ma=2592000,h3-Q050=\":443\"; ma=2592000,h3-Q046=\":443\"; ma=2592000,h3-Q043=\":443\"; ma=2592000,quic=\":443\"; ma=2592000; v=\"46,43\"","accept-ranges":"none","transfer-encoding":"chunked"}
[debug] [2021-07-22T06:57:59.051Z] <<< HTTP RESPONSE 200 {"content-type":"application/json; charset=UTF-8","vary":"X-Origin, Referer, Origin,Accept-Encoding","date":"Thu, 22 Jul 2021 06:57:59 GMT","server":"ESF","cache-control":"private","x-xss-protection":"0","x-frame-options":"SAMEORIGIN","x-content-type-options":"nosniff","alt-svc":"h3=\":443\"; ma=2592000,h3-29=\":443\"; ma=2592000,h3-T051=\":443\"; ma=2592000,h3-Q050=\":443\"; ma=2592000,h3-Q046=\":443\"; ma=2592000,h3-Q043=\":443\"; ma=2592000,quic=\":443\"; ma=2592000; v=\"46,43\"","accept-ranges":"none","transfer-encoding":"chunked"}
[info] ✔  functions: required API cloudbuild.googleapis.com is enabled 
[debug] [2021-07-22T06:57:59.141Z] <<< HTTP RESPONSE 200 {"content-type":"application/json; charset=UTF-8","vary":"X-Origin, Referer, Origin,Accept-Encoding","date":"Thu, 22 Jul 2021 06:57:59 GMT","server":"ESF","cache-control":"private","x-xss-protection":"0","x-frame-options":"SAMEORIGIN","x-content-type-options":"nosniff","alt-svc":"h3=\":443\"; ma=2592000,h3-29=\":443\"; ma=2592000,h3-T051=\":443\"; ma=2592000,h3-Q050=\":443\"; ma=2592000,h3-Q046=\":443\"; ma=2592000,h3-Q043=\":443\"; ma=2592000,quic=\":443\"; ma=2592000; v=\"46,43\"","accept-ranges":"none","transfer-encoding":"chunked"}
[info] ✔  functions: required API cloudfunctions.googleapis.com is enabled 
[debug] [2021-07-22T06:57:59.141Z] >>> HTTP REQUEST GET https://firebase.googleapis.com/v1beta1/projects/milliontoken-94cf3/adminSdkConfig  
 
[debug] [2021-07-22T06:57:59.468Z] <<< HTTP RESPONSE 200 {"content-type":"application/json; charset=UTF-8","vary":"X-Origin, Referer, Origin,Accept-Encoding","date":"Thu, 22 Jul 2021 06:57:59 GMT","server":"ESF","cache-control":"private","x-xss-protection":"0","x-frame-options":"SAMEORIGIN","x-content-type-options":"nosniff","alt-svc":"h3=\":443\"; ma=2592000,h3-29=\":443\"; ma=2592000,h3-T051=\":443\"; ma=2592000,h3-Q050=\":443\"; ma=2592000,h3-Q046=\":443\"; ma=2592000,h3-Q043=\":443\"; ma=2592000,quic=\":443\"; ma=2592000; v=\"46,43\"","accept-ranges":"none","transfer-encoding":"chunked"}
[info] i  functions: preparing functions directory for uploading... 
[debug] [2021-07-22T06:57:59.470Z] >>> HTTP REQUEST GET https://runtimeconfig.googleapis.com/v1beta1/projects/milliontoken-94cf3/configs  
 
[debug] [2021-07-22T06:57:59.632Z] <<< HTTP RESPONSE 200 {"content-type":"application/json; charset=UTF-8","vary":"X-Origin, Referer, Origin,Accept-Encoding","date":"Thu, 22 Jul 2021 06:57:59 GMT","server":"ESF","cache-control":"private","x-xss-protection":"0","x-frame-options":"SAMEORIGIN","x-content-type-options":"nosniff","alt-svc":"h3=\":443\"; ma=2592000,h3-29=\":443\"; ma=2592000,h3-T051=\":443\"; ma=2592000,h3-Q050=\":443\"; ma=2592000,h3-Q046=\":443\"; ma=2592000,h3-Q043=\":443\"; ma=2592000,quic=\":443\"; ma=2592000; v=\"46,43\"","accept-ranges":"none","transfer-encoding":"chunked"}
[info] i  functions: packaged functions (47.65 KB) for uploading 
[debug] [2021-07-22T06:57:59.788Z] > [functions] package.json contents: {
  "name": "functions",
  "description": "Cloud Functions for Firebase",
  "scripts": {
    "serve": "firebase emulators:start --only functions",
    "shell": "firebase functions:shell",
    "start": "npm run shell",
    "deploy": "firebase deploy --only functions",
    "logs": "firebase functions:log"
  },
  "engines": {
    "node": "12"
  },
  "main": "index.js",
  "dependencies": {
    "firebase-admin": "^9.2.0",
    "firebase-functions": "^3.11.0"
  },
  "devDependencies": {
    "firebase-functions-test": "^0.2.0"
  },
  "private": true
}
[debug] [2021-07-22T06:57:59.789Z] >>> HTTP REQUEST POST https://firebasehosting.googleapis.com/v1beta1/sites/milliontoken-94cf3/versions  
 {"config":{"rewrites":[{"glob":"**","path":"/index.html"}]},"labels":{"deployment-tool":"cli-firebase"}}
[debug] [2021-07-22T06:58:00.532Z] <<< HTTP RESPONSE 200 {"content-type":"application/json; charset=UTF-8","vary":"X-Origin, Referer, Origin,Accept-Encoding","date":"Thu, 22 Jul 2021 06:58:00 GMT","server":"ESF","cache-control":"private","x-xss-protection":"0","x-frame-options":"SAMEORIGIN","x-content-type-options":"nosniff","alt-svc":"h3=\":443\"; ma=2592000,h3-29=\":443\"; ma=2592000,h3-T051=\":443\"; ma=2592000,h3-Q050=\":443\"; ma=2592000,h3-Q046=\":443\"; ma=2592000,h3-Q043=\":443\"; ma=2592000,quic=\":443\"; ma=2592000; v=\"46,43\"","accept-ranges":"none","transfer-encoding":"chunked"}
[debug] [2021-07-22T06:58:00.533Z] >>> HTTP REQUEST GET https://cloudfunctions.googleapis.com/v1/projects/milliontoken-94cf3/locations/-/functions  
 
[debug] [2021-07-22T06:58:00.985Z] <<< HTTP RESPONSE 200 {"content-type":"application/json; charset=UTF-8","vary":"X-Origin, Referer, Origin,Accept-Encoding","date":"Thu, 22 Jul 2021 06:58:01 GMT","server":"ESF","cache-control":"private","x-xss-protection":"0","x-frame-options":"SAMEORIGIN","x-content-type-options":"nosniff","alt-svc":"h3=\":443\"; ma=2592000,h3-29=\":443\"; ma=2592000,h3-T051=\":443\"; ma=2592000,h3-Q050=\":443\"; ma=2592000,h3-Q046=\":443\"; ma=2592000,h3-Q043=\":443\"; ma=2592000,quic=\":443\"; ma=2592000; v=\"46,43\"","accept-ranges":"none","transfer-encoding":"chunked"}
[debug] [2021-07-22T06:58:00.987Z] >>> HTTP REQUEST POST https://cloudfunctions.googleapis.com/v1/projects/milliontoken-94cf3/locations/us-central1/functions:generateUploadUrl  
 
[debug] [2021-07-22T06:58:01.462Z] <<< HTTP RESPONSE 200 {"content-type":"application/json; charset=UTF-8","vary":"X-Origin, Referer, Origin,Accept-Encoding","date":"Thu, 22 Jul 2021 06:58:01 GMT","server":"ESF","cache-control":"private","x-xss-protection":"0","x-frame-options":"SAMEORIGIN","x-content-type-options":"nosniff","alt-svc":"h3=\":443\"; ma=2592000,h3-29=\":443\"; ma=2592000,h3-T051=\":443\"; ma=2592000,h3-Q050=\":443\"; ma=2592000,h3-Q046=\":443\"; ma=2592000,h3-Q043=\":443\"; ma=2592000,quic=\":443\"; ma=2592000; v=\"46,43\"","accept-ranges":"none","transfer-encoding":"chunked"}
[debug] [2021-07-22T06:58:01.463Z] >>> HTTP REQUEST PUT https://storage.googleapis.com/gcf-upload-us-central1-4e03ed18-70d7-405d-a570-a2e2c8471c47/9ac7bac7-afb5-4073-ac88-30a96d43ac94.zip?GoogleAccessId=service-613084589747@gcf-admin-robot.iam.gserviceaccount.com&Expires=1626938881&Signature=JHsml6xHmr3uG0WxW7zyoArmQMeJPl4mDSokii5i9XI8qwJ9DctOuLv%2Fc3lmHEuVsGQ063vnsu3Q3cdyZZgGt9UYL0u2XuEp7NrDP7ACn4P1P%2FWT1HDp5UpSn45UvhOrycTEYnppDj1AMDequXXlPNP2c1vwRbv%2BMv1BqH9VNSAiwkHmHWdDbhwcHg2Ujop1nZerj%2FlIKarvry4xGGdaAG2YRLxiJRu5105Lojr4%2FC4jUkw0fcOlEBCF0I01%2FhwH2xf3FJlhL5QKf2z5zrDq3mMyyPTiLwCxmKnWaFJ7OLxzJYfgDjO%2F6BrIOIxQ90Ff%2BJtCg7G%2BmoBc8r570lybCg%3D%3D  
 <request body omitted>
[debug] [2021-07-22T06:58:01.687Z] <<< HTTP RESPONSE 200 {"x-guploader-uploadid":"ADPycdu-6gYsHVxY0dl6ysIb2qJL2Wp07vk1IAy2KiCKOGYCwB0rITdZ-0BuL9lueE5Td0yh8FMG6HRVn3IOEiPmc8k","etag":"\"42d5194f3cfbdce6e4884d22acae5aeb\"","x-goog-generation":"1626937081703655","x-goog-metageneration":"1","x-goog-hash":"crc32c=3/W4rQ==, md5=QtUZTzz73ObkiE0irK5a6w==","x-goog-stored-content-length":"48796","x-goog-stored-content-encoding":"identity","vary":"Origin","content-length":"0","date":"Thu, 22 Jul 2021 06:58:01 GMT","server":"UploadServer","content-type":"text/html; charset=UTF-8","alt-svc":"h3=\":443\"; ma=2592000,h3-29=\":443\"; ma=2592000,h3-T051=\":443\"; ma=2592000,h3-Q050=\":443\"; ma=2592000,h3-Q046=\":443\"; ma=2592000,h3-Q043=\":443\"; ma=2592000,quic=\":443\"; ma=2592000; v=\"46,43\""}
[info] ✔  functions: functions folder uploaded successfully 
[info] i  hosting[milliontoken-94cf3]: beginning deploy... 
[info] i  hosting[milliontoken-94cf3]: found 35 files in build 
[debug] [2021-07-22T06:58:02.191Z] > refreshing access token with scopes: []
[debug] [2021-07-22T06:58:02.191Z] >>> HTTP REQUEST POST https://www.googleapis.com/oauth2/v3/token  
 <request body omitted>
[debug] [2021-07-22T06:58:02.193Z] [hosting] hash cache [YnVpbGQ] stored for 35 files
[debug] [2021-07-22T06:58:02.193Z] [hosting][hash queue][FINAL] {"max":485,"min":28,"avg":94.68571428571428,"active":0,"complete":35,"success":35,"errored":0,"retried":0,"total":35,"elapsed":492}
[debug] [2021-07-22T06:58:02.276Z] <<< HTTP RESPONSE 200 {"date":"Thu, 22 Jul 2021 06:58:02 GMT","expires":"Mon, 01 Jan 1990 00:00:00 GMT","cache-control":"no-cache, no-store, max-age=0, must-revalidate","pragma":"no-cache","content-type":"application/json; charset=utf-8","vary":"X-Origin, Referer, Origin,Accept-Encoding","server":"scaffolding on HTTPServer2","x-xss-protection":"0","x-frame-options":"SAMEORIGIN","x-content-type-options":"nosniff","alt-svc":"h3=\":443\"; ma=2592000,h3-29=\":443\"; ma=2592000,h3-T051=\":443\"; ma=2592000,h3-Q050=\":443\"; ma=2592000,h3-Q046=\":443\"; ma=2592000,h3-Q043=\":443\"; ma=2592000,quic=\":443\"; ma=2592000; v=\"46,43\"","accept-ranges":"none","transfer-encoding":"chunked"}
[debug] [2021-07-22T06:58:02.308Z] >>> [apiv2][query] POST https://firebasehosting.googleapis.com/v1beta1/sites/milliontoken-94cf3/versions/5287ff98aa8e7db5:populateFiles [none]
[debug] [2021-07-22T06:58:02.308Z] >>> [apiv2][body] POST https://firebasehosting.googleapis.com/v1beta1/sites/milliontoken-94cf3/versions/5287ff98aa8e7db5:populateFiles {"files":{"/manifest.json":"45d952c5814870a3201411f1f249bdf746a5b14682d77397343009db0165668c","/asset-manifest.json":"cab76242dfebf13bb03674db62129b3bc57f65a5231c5698f5dc9ca0a1f6a11b","/index.html":"81d851fe2a71f55f3e7af04639edcbfa215b6155c70c388a0d37ef3fbd429eb2","/robots.txt":"391d14b3c2f8c9143a27a28c7399585142228d4d1bdbe2c87ac946de411fa9a2","/static/js/2.5d1e3eb1.chunk.js.LICENSE.txt":"316d376efaade3b07d89d9c9ab92f10dd2c85e9256be8af50d5245938b8f5bfe","/static/css/main.711cfccc.chunk.css":"cf20af6cba8718113385945ccf6cf52048393095caa58c63878cf62f78788fcc","/static/css/main.711cfccc.chunk.css.map":"a919161efcb5e2302b5ce44446313f88b47b626f355449a0e61807056a65d2eb","/static/js/runtime-main.88ac2a56.js":"a97c6c29325c97968a3735cf0172d796df3841e785eccd28c6158b71d4a86248","/static/js/runtime-main.88ac2a56.js.map":"6296237d20314179bf37a9e8da9d1d23e4c80926f08a9b7f6f488d8b25eec554","/static/media/like.fee0080e.png":"a01d84097fa932dc8cc470eb044f9d044ada5287f609cfeea5b596ae933be87d","/static/media/mm2.48577fd2.png":"dca4f7fb293ee79dc65f9d9526b4c5134810bd4c05c02dcc2a6ab8bd905ad290","/mmlogo.jpeg":"7c2a3bff4dbcc8bc7cacdbb96d627d945b4795170884862d4929a0f1e9c6a9cf","/static/media/mm11.8719e04b.jpg":"57fb18c061ff6d4f919a7652fb1bc9c43267a49157bba38107f806b646827d15","/static/media/mmlogo.8dc723a5.jpeg":"7c2a3bff4dbcc8bc7cacdbb96d627d945b4795170884862d4929a0f1e9c6a9cf","/mmlogo.png":"920e001e06883de3efdebd530e77aedff7ee8e4b86d0b251a10e31c3a51a6a8c","/static/js/main.6dc2b346.chunk.js":"cd0b5e1b317671157fa822e5cdf1da84248970bbe980951b6d7d52a304e95c83","/static/media/mm7.48aaf589.png":"920e001e06883de3efdebd530e77aedff7ee8e4b86d0b251a10e31c3a51a6a8c","/static/css/2.4c97ca4f.chunk.css":"67097da41de73859d01dc33de8b3103f52bd7a046af85ee85cc5987de5d482f3","/static/media/mm10.0441462f.jpg":"31388f574a1c6695404ca35925d82f6484b437243dd815bd2033ba50cf8c51bb","/static/js/main.6dc2b346.chunk.js.map":"5cb13963171072f13b481a464fbe797f73405d98f17544a1b44249773b9124e0","/static/media/mm1.50847816.jpg":"ce3846d7c3312ae094481bb2f4eb852defc8dc74da31a25f5a81f7df0e91685d","/static/media/mm9.90da6d8c.jpg":"8425f19a2ff3cb578a36777c4bfcc01a592f9a694e550e51dbd9b0735fe49fb8","/static/media/mm8.3e5ccc53.jpg":"869111586eedf8acd4bc7fde2a91f2771640170b5016712ee087caa5608e8530","/static/css/2.4c97ca4f.chunk.css.map":"90e829ad71b38950ec768f0389ca9adb5ff91b3f16bd54c26f66bbf8889660f8","/static/media/mm3.d0a34052.png":"468f90b907d29ccd4775498632a503dfa49bbcf7c1b1a796d3917acb472a9dc5","/static/js/2.5d1e3eb1.chunk.js":"72ed8a1c815ac15a36a79182c97312fb59173dc4e85e2029d4ff4134bedcd6c3","/static/media/mm4.af439fff.png":"1f664e61278bea0fa7b1e0065fe5a291b6da14a043bb9eb0fb2e06f8c25ef110","/static/media/mm5.26f6b27c.png":"1feb8b0aaa6732ba32712af29324eb09c798d2b0035b4df0dacb9e21a6e4e8b1","/static/media/urus.70efc275.png":"e466a00a56f0aa3c99290386cadd795f13d6ad3755b2dde2f234e555b14ca9ab","/static/media/gallardo.d6ed2614.png":"d90ee1af943a29244727a8fb29488e51493adb65c056f0c0da48458327302e33","/static/media/diamond.3b6b8d1f.png":"42d74f58f17759945a21dc569e811d9b6e12d29fc4ccc68d63c90bc0fedafc27","/static/media/yatch.7c417e7c.png":"bc164e88233671ae3ef830adff409e182b3f07ac6bc2c5a2ec01e84459389302","/static/media/gold.c2f86a2b.png":"3e2ee8bc1546f03edb3d0a44482af9c2af4221f7f8801ab62e875543c7b1e1a3","/static/media/mm6.d0de5668.png":"f771792acce971b9d8411e758d9b57023942c06c5c901049a8bae1b589a20248","/static/js/2.5d1e3eb1.chunk.js.map":"b02bf4c4c86a3db52a11b1068582808221a1087bebf01df9f87fb2446f4403e6"}}
[debug] [2021-07-22T06:58:02.942Z] <<< [apiv2][status] POST https://firebasehosting.googleapis.com/v1beta1/sites/milliontoken-94cf3/versions/5287ff98aa8e7db5:populateFiles 200
[debug] [2021-07-22T06:58:02.942Z] <<< [apiv2][body] POST https://firebasehosting.googleapis.com/v1beta1/sites/milliontoken-94cf3/versions/5287ff98aa8e7db5:populateFiles {"uploadRequiredHashes":["81d851fe2a71f55f3e7af04639edcbfa215b6155c70c388a0d37ef3fbd429eb2"],"uploadUrl":"https://upload-firebasehosting.googleapis.com/upload/sites/milliontoken-94cf3/versions/5287ff98aa8e7db5/files"}
[debug] [2021-07-22T06:58:02.944Z] >>> [apiv2][query] POST https://upload-firebasehosting.googleapis.com/upload/sites/milliontoken-94cf3/versions/5287ff98aa8e7db5/files/81d851fe2a71f55f3e7af04639edcbfa215b6155c70c388a0d37ef3fbd429eb2 [none]
[debug] [2021-07-22T06:58:02.944Z] >>> [apiv2][body] POST https://upload-firebasehosting.googleapis.com/upload/sites/milliontoken-94cf3/versions/5287ff98aa8e7db5/files/81d851fe2a71f55f3e7af04639edcbfa215b6155c70c388a0d37ef3fbd429eb2 [stream]
[debug] [2021-07-22T06:58:02.945Z] [hosting][populate queue][FINAL] {"max":753,"min":753,"avg":753,"active":0,"complete":1,"success":1,"errored":0,"retried":0,"total":1,"elapsed":755}
[debug] [2021-07-22T06:58:02.945Z] [hosting] uploads queued: 1
[debug] [2021-07-22T06:58:03.743Z] <<< [apiv2][status] POST https://upload-firebasehosting.googleapis.com/upload/sites/milliontoken-94cf3/versions/5287ff98aa8e7db5/files/81d851fe2a71f55f3e7af04639edcbfa215b6155c70c388a0d37ef3fbd429eb2 200
[debug] [2021-07-22T06:58:03.743Z] <<< [apiv2][body] POST https://upload-firebasehosting.googleapis.com/upload/sites/milliontoken-94cf3/versions/5287ff98aa8e7db5/files/81d851fe2a71f55f3e7af04639edcbfa215b6155c70c388a0d37ef3fbd429eb2 [stream]
[debug] [2021-07-22T06:58:03.743Z] [hosting][upload queue][FINAL] {"max":801,"min":801,"avg":801,"active":0,"complete":1,"success":1,"errored":0,"retried":0,"total":1,"elapsed":801}
[info] ✔  hosting[milliontoken-94cf3]: file upload complete 
[debug] [2021-07-22T06:58:03.744Z] [hosting] deploy completed after 2056ms
[info] i  functions: updating Node.js 12 function onReactionOnArticles(us-central1)... 
[debug] [2021-07-22T06:58:03.807Z] > refreshing access token with scopes: ["email","https://www.googleapis.com/auth/cloud-platform","https://www.googleapis.com/auth/cloudplatformprojects.readonly","https://www.googleapis.com/auth/firebase","openid"]
[debug] [2021-07-22T06:58:03.807Z] >>> HTTP REQUEST POST https://www.googleapis.com/oauth2/v3/token  
 <request body omitted>
[debug] [2021-07-22T06:58:03.877Z] <<< HTTP RESPONSE 200 {"cache-control":"no-cache, no-store, max-age=0, must-revalidate","date":"Thu, 22 Jul 2021 06:58:03 GMT","expires":"Mon, 01 Jan 1990 00:00:00 GMT","pragma":"no-cache","content-type":"application/json; charset=utf-8","vary":"X-Origin, Referer, Origin,Accept-Encoding","server":"scaffolding on HTTPServer2","x-xss-protection":"0","x-frame-options":"SAMEORIGIN","x-content-type-options":"nosniff","alt-svc":"h3=\":443\"; ma=2592000,h3-29=\":443\"; ma=2592000,h3-T051=\":443\"; ma=2592000,h3-Q050=\":443\"; ma=2592000,h3-Q046=\":443\"; ma=2592000,h3-Q043=\":443\"; ma=2592000,quic=\":443\"; ma=2592000; v=\"46,43\"","accept-ranges":"none","transfer-encoding":"chunked"}
[debug] [2021-07-22T06:58:03.901Z] >>> HTTP REQUEST PATCH https://cloudfunctions.googleapis.com/v1/projects/milliontoken-94cf3/locations/us-central1/functions/onReactionOnArticles {"updateMask":"sourceUploadUrl,name,labels,runtime,environmentVariables,eventTrigger.resource,eventTrigger.eventType,eventTrigger.service,eventTrigger.failurePolicy"} 
 {"sourceUploadUrl":"https://storage.googleapis.com/gcf-upload-us-central1-4e03ed18-70d7-405d-a570-a2e2c8471c47/9ac7bac7-afb5-4073-ac88-30a96d43ac94.zip?GoogleAccessId=service-613084589747@gcf-admin-robot.iam.gserviceaccount.com&Expires=1626938881&Signature=JHsml6xHmr3uG0WxW7zyoArmQMeJPl4mDSokii5i9XI8qwJ9DctOuLv%2Fc3lmHEuVsGQ063vnsu3Q3cdyZZgGt9UYL0u2XuEp7NrDP7ACn4P1P%2FWT1HDp5UpSn45UvhOrycTEYnppDj1AMDequXXlPNP2c1vwRbv%2BMv1BqH9VNSAiwkHmHWdDbhwcHg2Ujop1nZerj%2FlIKarvry4xGGdaAG2YRLxiJRu5105Lojr4%2FC4jUkw0fcOlEBCF0I01%2FhwH2xf3FJlhL5QKf2z5zrDq3mMyyPTiLwCxmKnWaFJ7OLxzJYfgDjO%2F6BrIOIxQ90Ff%2BJtCg7G%2BmoBc8r570lybCg%3D%3D","name":"projects/milliontoken-94cf3/locations/us-central1/functions/onReactionOnArticles","labels":{"deployment-tool":"cli-firebase"},"eventTrigger":{"resource":"projects/milliontoken-94cf3/databases/(default)/documents/reactions counter/{articleId}","eventType":"providers/cloud.firestore/eventTypes/document.update","service":"firestore.googleapis.com"},"runtime":"nodejs12","environmentVariables":{"FIREBASE_CONFIG":"{\"projectId\":\"milliontoken-94cf3\",\"storageBucket\":\"milliontoken-94cf3.appspot.com\",\"locationId\":\"us-central\"}"}}
[debug] [2021-07-22T06:58:04.304Z] <<< HTTP RESPONSE 200 {"content-type":"application/json; charset=UTF-8","vary":"X-Origin, Referer, Origin,Accept-Encoding","date":"Thu, 22 Jul 2021 06:58:04 GMT","server":"ESF","cache-control":"private","x-xss-protection":"0","x-frame-options":"SAMEORIGIN","x-content-type-options":"nosniff","alt-svc":"h3=\":443\"; ma=2592000,h3-29=\":443\"; ma=2592000,h3-T051=\":443\"; ma=2592000,h3-Q050=\":443\"; ma=2592000,h3-Q046=\":443\"; ma=2592000,h3-Q043=\":443\"; ma=2592000,quic=\":443\"; ma=2592000; v=\"46,43\"","accept-ranges":"none","transfer-encoding":"chunked"}
[debug] [2021-07-22T06:58:04.305Z] > refreshing access token with scopes: []
[debug] [2021-07-22T06:58:04.305Z] >>> HTTP REQUEST POST https://www.googleapis.com/oauth2/v3/token  
 <request body omitted>
[debug] [2021-07-22T06:58:04.357Z] <<< HTTP RESPONSE 200 {"date":"Thu, 22 Jul 2021 06:58:04 GMT","expires":"Mon, 01 Jan 1990 00:00:00 GMT","pragma":"no-cache","cache-control":"no-cache, no-store, max-age=0, must-revalidate","content-type":"application/json; charset=utf-8","vary":"X-Origin, Referer, Origin,Accept-Encoding","server":"scaffolding on HTTPServer2","x-xss-protection":"0","x-frame-options":"SAMEORIGIN","x-content-type-options":"nosniff","alt-svc":"h3=\":443\"; ma=2592000,h3-29=\":443\"; ma=2592000,h3-T051=\":443\"; ma=2592000,h3-Q050=\":443\"; ma=2592000,h3-Q046=\":443\"; ma=2592000,h3-Q043=\":443\"; ma=2592000,quic=\":443\"; ma=2592000; v=\"46,43\"","accept-ranges":"none","transfer-encoding":"chunked"}
[debug] [2021-07-22T06:58:04.380Z] >>> [apiv2][query] GET https://cloudfunctions.googleapis.com/v1/operations/bWlsbGlvbnRva2VuLTk0Y2YzL3VzLWNlbnRyYWwxL29uUmVhY3Rpb25PbkFydGljbGVzL1R5dmswLWV1aVhr [none]
[debug] [2021-07-22T06:58:04.520Z] <<< [apiv2][status] GET https://cloudfunctions.googleapis.com/v1/operations/bWlsbGlvbnRva2VuLTk0Y2YzL3VzLWNlbnRyYWwxL29uUmVhY3Rpb25PbkFydGljbGVzL1R5dmswLWV1aVhr 200
[debug] [2021-07-22T06:58:04.521Z] <<< [apiv2][body] GET https://cloudfunctions.googleapis.com/v1/operations/bWlsbGlvbnRva2VuLTk0Y2YzL3VzLWNlbnRyYWwxL29uUmVhY3Rpb25PbkFydGljbGVzL1R5dmswLWV1aVhr {"name":"operations/bWlsbGlvbnRva2VuLTk0Y2YzL3VzLWNlbnRyYWwxL29uUmVhY3Rpb25PbkFydGljbGVzL1R5dmswLWV1aVhr","metadata":{"@type":"type.googleapis.com/google.cloud.functions.v1.OperationMetadataV1","target":"projects/milliontoken-94cf3/locations/us-central1/functions/onReactionOnArticles","type":"UPDATE_FUNCTION","request":{"@type":"type.googleapis.com/google.cloud.functions.v1.CloudFunction","name":"projects/milliontoken-94cf3/locations/us-central1/functions/onReactionOnArticles","eventTrigger":{"eventType":"providers/cloud.firestore/eventTypes/document.update","resource":"projects/milliontoken-94cf3/databases/(default)/documents/reactions counter/{articleId}","service":"firestore.googleapis.com"},"status":"ACTIVE","entryPoint":"onReactionOnArticles","timeout":"60s","availableMemoryMb":256,"serviceAccountEmail":"milliontoken-94cf3@appspot.gserviceaccount.com","updateTime":"2021-07-22T06:40:27.837Z","versionId":"1","labels":{"deployment-tool":"cli-firebase"},"sourceUploadUrl":"https://storage.googleapis.com/gcf-upload-us-central1-4e03ed18-70d7-405d-a570-a2e2c8471c47/9ac7bac7-afb5-4073-ac88-30a96d43ac94.zip?GoogleAccessId=service-613084589747@gcf-admin-robot.iam.gserviceaccount.com&Expires=1626938881&Signature=JHsml6xHmr3uG0WxW7zyoArmQMeJPl4mDSokii5i9XI8qwJ9DctOuLv%2Fc3lmHEuVsGQ063vnsu3Q3cdyZZgGt9UYL0u2XuEp7NrDP7ACn4P1P%2FWT1HDp5UpSn45UvhOrycTEYnppDj1AMDequXXlPNP2c1vwRbv%2BMv1BqH9VNSAiwkHmHWdDbhwcHg2Ujop1nZerj%2FlIKarvry4xGGdaAG2YRLxiJRu5105Lojr4%2FC4jUkw0fcOlEBCF0I01%2FhwH2xf3FJlhL5QKf2z5zrDq3mMyyPTiLwCxmKnWaFJ7OLxzJYfgDjO%2F6BrIOIxQ90Ff%2BJtCg7G%2BmoBc8r570lybCg%3D%3D","environmentVariables":{"FIREBASE_CONFIG":"{\"projectId\":\"milliontoken-94cf3\",\"storageBucket\":\"milliontoken-94cf3.appspot.com\",\"locationId\":\"us-central\"}"},"runtime":"nodejs12","ingressSettings":"ALLOW_ALL","buildId":"172a9ac3-b444-4b8b-882b-8da23d9f4e06"},"versionId":"2","updateTime":"2021-07-22T06:58:04Z","buildName":"projects/613084589747/locations/us-central1/builds/172a9ac3-b444-4b8b-882b-8da23d9f4e06"}}
[debug] [2021-07-22T06:58:05.025Z] [update-projects/milliontoken-94cf3/locations/us-central1/functions/onReactionOnArticles] Retrying task index 0
[debug] [2021-07-22T06:58:05.026Z] >>> [apiv2][query] GET https://cloudfunctions.googleapis.com/v1/operations/bWlsbGlvbnRva2VuLTk0Y2YzL3VzLWNlbnRyYWwxL29uUmVhY3Rpb25PbkFydGljbGVzL1R5dmswLWV1aVhr [none]
[debug] [2021-07-22T06:58:05.178Z] <<< [apiv2][status] GET https://cloudfunctions.googleapis.com/v1/operations/bWlsbGlvbnRva2VuLTk0Y2YzL3VzLWNlbnRyYWwxL29uUmVhY3Rpb25PbkFydGljbGVzL1R5dmswLWV1aVhr 200
[debug] [2021-07-22T06:58:05.178Z] <<< [apiv2][body] GET https://cloudfunctions.googleapis.com/v1/operations/bWlsbGlvbnRva2VuLTk0Y2YzL3VzLWNlbnRyYWwxL29uUmVhY3Rpb25PbkFydGljbGVzL1R5dmswLWV1aVhr {"name":"operations/bWlsbGlvbnRva2VuLTk0Y2YzL3VzLWNlbnRyYWwxL29uUmVhY3Rpb25PbkFydGljbGVzL1R5dmswLWV1aVhr","metadata":{"@type":"type.googleapis.com/google.cloud.functions.v1.OperationMetadataV1","target":"projects/milliontoken-94cf3/locations/us-central1/functions/onReactionOnArticles","type":"UPDATE_FUNCTION","request":{"@type":"type.googleapis.com/google.cloud.functions.v1.CloudFunction","name":"projects/milliontoken-94cf3/locations/us-central1/functions/onReactionOnArticles","eventTrigger":{"eventType":"providers/cloud.firestore/eventTypes/document.update","resource":"projects/milliontoken-94cf3/databases/(default)/documents/reactions counter/{articleId}","service":"firestore.googleapis.com"},"status":"ACTIVE","entryPoint":"onReactionOnArticles","timeout":"60s","availableMemoryMb":256,"serviceAccountEmail":"milliontoken-94cf3@appspot.gserviceaccount.com","updateTime":"2021-07-22T06:40:27.837Z","versionId":"1","labels":{"deployment-tool":"cli-firebase"},"sourceUploadUrl":"https://storage.googleapis.com/gcf-upload-us-central1-4e03ed18-70d7-405d-a570-a2e2c8471c47/9ac7bac7-afb5-4073-ac88-30a96d43ac94.zip?GoogleAccessId=service-613084589747@gcf-admin-robot.iam.gserviceaccount.com&Expires=1626938881&Signature=JHsml6xHmr3uG0WxW7zyoArmQMeJPl4mDSokii5i9XI8qwJ9DctOuLv%2Fc3lmHEuVsGQ063vnsu3Q3cdyZZgGt9UYL0u2XuEp7NrDP7ACn4P1P%2FWT1HDp5UpSn45UvhOrycTEYnppDj1AMDequXXlPNP2c1vwRbv%2BMv1BqH9VNSAiwkHmHWdDbhwcHg2Ujop1nZerj%2FlIKarvry4xGGdaAG2YRLxiJRu5105Lojr4%2FC4jUkw0fcOlEBCF0I01%2FhwH2xf3FJlhL5QKf2z5zrDq3mMyyPTiLwCxmKnWaFJ7OLxzJYfgDjO%2F6BrIOIxQ90Ff%2BJtCg7G%2BmoBc8r570lybCg%3D%3D","environmentVariables":{"FIREBASE_CONFIG":"{\"projectId\":\"milliontoken-94cf3\",\"storageBucket\":\"milliontoken-94cf3.appspot.com\",\"locationId\":\"us-central\"}"},"runtime":"nodejs12","ingressSettings":"ALLOW_ALL","buildId":"172a9ac3-b444-4b8b-882b-8da23d9f4e06"},"versionId":"2","updateTime":"2021-07-22T06:58:04Z","buildId":"5d11474c-2dc0-4a75-ae1b-fd0ad094535f","buildName":"projects/613084589747/locations/us-central1/builds/5d11474c-2dc0-4a75-ae1b-fd0ad094535f"}}
[debug] [2021-07-22T06:58:06.183Z] [update-projects/milliontoken-94cf3/locations/us-central1/functions/onReactionOnArticles] Retrying task index 0
[debug] [2021-07-22T06:58:06.184Z] >>> [apiv2][query] GET https://cloudfunctions.googleapis.com/v1/operations/bWlsbGlvbnRva2VuLTk0Y2YzL3VzLWNlbnRyYWwxL29uUmVhY3Rpb25PbkFydGljbGVzL1R5dmswLWV1aVhr [none]
[debug] [2021-07-22T06:58:06.358Z] <<< [apiv2][status] GET https://cloudfunctions.googleapis.com/v1/operations/bWlsbGlvbnRva2VuLTk0Y2YzL3VzLWNlbnRyYWwxL29uUmVhY3Rpb25PbkFydGljbGVzL1R5dmswLWV1aVhr 200
[debug] [2021-07-22T06:58:06.358Z] <<< [apiv2][body] GET https://cloudfunctions.googleapis.com/v1/operations/bWlsbGlvbnRva2VuLTk0Y2YzL3VzLWNlbnRyYWwxL29uUmVhY3Rpb25PbkFydGljbGVzL1R5dmswLWV1aVhr {"name":"operations/bWlsbGlvbnRva2VuLTk0Y2YzL3VzLWNlbnRyYWwxL29uUmVhY3Rpb25PbkFydGljbGVzL1R5dmswLWV1aVhr","metadata":{"@type":"type.googleapis.com/google.cloud.functions.v1.OperationMetadataV1","target":"projects/milliontoken-94cf3/locations/us-central1/functions/onReactionOnArticles","type":"UPDATE_FUNCTION","request":{"@type":"type.googleapis.com/google.cloud.functions.v1.CloudFunction","name":"projects/milliontoken-94cf3/locations/us-central1/functions/onReactionOnArticles","eventTrigger":{"eventType":"providers/cloud.firestore/eventTypes/document.update","resource":"projects/milliontoken-94cf3/databases/(default)/documents/reactions counter/{articleId}","service":"firestore.googleapis.com"},"status":"ACTIVE","entryPoint":"onReactionOnArticles","timeout":"60s","availableMemoryMb":256,"serviceAccountEmail":"milliontoken-94cf3@appspot.gserviceaccount.com","updateTime":"2021-07-22T06:40:27.837Z","versionId":"1","labels":{"deployment-tool":"cli-firebase"},"sourceUploadUrl":"https://storage.googleapis.com/gcf-upload-us-central1-4e03ed18-70d7-405d-a570-a2e2c8471c47/9ac7bac7-afb5-4073-ac88-30a96d43ac94.zip?GoogleAccessId=service-613084589747@gcf-admin-robot.iam.gserviceaccount.com&Expires=1626938881&Signature=JHsml6xHmr3uG0WxW7zyoArmQMeJPl4mDSokii5i9XI8qwJ9DctOuLv%2Fc3lmHEuVsGQ063vnsu3Q3cdyZZgGt9UYL0u2XuEp7NrDP7ACn4P1P%2FWT1HDp5UpSn45UvhOrycTEYnppDj1AMDequXXlPNP2c1vwRbv%2BMv1BqH9VNSAiwkHmHWdDbhwcHg2Ujop1nZerj%2FlIKarvry4xGGdaAG2YRLxiJRu5105Lojr4%2FC4jUkw0fcOlEBCF0I01%2FhwH2xf3FJlhL5QKf2z5zrDq3mMyyPTiLwCxmKnWaFJ7OLxzJYfgDjO%2F6BrIOIxQ90Ff%2BJtCg7G%2BmoBc8r570lybCg%3D%3D","environmentVariables":{"FIREBASE_CONFIG":"{\"projectId\":\"milliontoken-94cf3\",\"storageBucket\":\"milliontoken-94cf3.appspot.com\",\"locationId\":\"us-central\"}"},"runtime":"nodejs12","ingressSettings":"ALLOW_ALL","buildId":"172a9ac3-b444-4b8b-882b-8da23d9f4e06"},"versionId":"2","updateTime":"2021-07-22T06:58:04Z","buildId":"5d11474c-2dc0-4a75-ae1b-fd0ad094535f","buildName":"projects/613084589747/locations/us-central1/builds/5d11474c-2dc0-4a75-ae1b-fd0ad094535f"}}
[debug] [2021-07-22T06:58:08.358Z] [update-projects/milliontoken-94cf3/locations/us-central1/functions/onReactionOnArticles] Retrying task index 0
[debug] [2021-07-22T06:58:08.359Z] >>> [apiv2][query] GET https://cloudfunctions.googleapis.com/v1/operations/bWlsbGlvbnRva2VuLTk0Y2YzL3VzLWNlbnRyYWwxL29uUmVhY3Rpb25PbkFydGljbGVzL1R5dmswLWV1aVhr [none]
[debug] [2021-07-22T06:58:08.503Z] <<< [apiv2][status] GET https://cloudfunctions.googleapis.com/v1/operations/bWlsbGlvbnRva2VuLTk0Y2YzL3VzLWNlbnRyYWwxL29uUmVhY3Rpb25PbkFydGljbGVzL1R5dmswLWV1aVhr 200
[debug] [2021-07-22T06:58:08.503Z] <<< [apiv2][body] GET https://cloudfunctions.googleapis.com/v1/operations/bWlsbGlvbnRva2VuLTk0Y2YzL3VzLWNlbnRyYWwxL29uUmVhY3Rpb25PbkFydGljbGVzL1R5dmswLWV1aVhr {"name":"operations/bWlsbGlvbnRva2VuLTk0Y2YzL3VzLWNlbnRyYWwxL29uUmVhY3Rpb25PbkFydGljbGVzL1R5dmswLWV1aVhr","metadata":{"@type":"type.googleapis.com/google.cloud.functions.v1.OperationMetadataV1","target":"projects/milliontoken-94cf3/locations/us-central1/functions/onReactionOnArticles","type":"UPDATE_FUNCTION","request":{"@type":"type.googleapis.com/google.cloud.functions.v1.CloudFunction","name":"projects/milliontoken-94cf3/locations/us-central1/functions/onReactionOnArticles","eventTrigger":{"eventType":"providers/cloud.firestore/eventTypes/document.update","resource":"projects/milliontoken-94cf3/databases/(default)/documents/reactions counter/{articleId}","service":"firestore.googleapis.com"},"status":"ACTIVE","entryPoint":"onReactionOnArticles","timeout":"60s","availableMemoryMb":256,"serviceAccountEmail":"milliontoken-94cf3@appspot.gserviceaccount.com","updateTime":"2021-07-22T06:40:27.837Z","versionId":"1","labels":{"deployment-tool":"cli-firebase"},"sourceUploadUrl":"https://storage.googleapis.com/gcf-upload-us-central1-4e03ed18-70d7-405d-a570-a2e2c8471c47/9ac7bac7-afb5-4073-ac88-30a96d43ac94.zip?GoogleAccessId=service-613084589747@gcf-admin-robot.iam.gserviceaccount.com&Expires=1626938881&Signature=JHsml6xHmr3uG0WxW7zyoArmQMeJPl4mDSokii5i9XI8qwJ9DctOuLv%2Fc3lmHEuVsGQ063vnsu3Q3cdyZZgGt9UYL0u2XuEp7NrDP7ACn4P1P%2FWT1HDp5UpSn45UvhOrycTEYnppDj1AMDequXXlPNP2c1vwRbv%2BMv1BqH9VNSAiwkHmHWdDbhwcHg2Ujop1nZerj%2FlIKarvry4xGGdaAG2YRLxiJRu5105Lojr4%2FC4jUkw0fcOlEBCF0I01%2FhwH2xf3FJlhL5QKf2z5zrDq3mMyyPTiLwCxmKnWaFJ7OLxzJYfgDjO%2F6BrIOIxQ90Ff%2BJtCg7G%2BmoBc8r570lybCg%3D%3D","environmentVariables":{"FIREBASE_CONFIG":"{\"projectId\":\"milliontoken-94cf3\",\"storageBucket\":\"milliontoken-94cf3.appspot.com\",\"locationId\":\"us-central\"}"},"runtime":"nodejs12","ingressSettings":"ALLOW_ALL","buildId":"172a9ac3-b444-4b8b-882b-8da23d9f4e06"},"versionId":"2","updateTime":"2021-07-22T06:58:04Z","buildId":"5d11474c-2dc0-4a75-ae1b-fd0ad094535f","buildName":"projects/613084589747/locations/us-central1/builds/5d11474c-2dc0-4a75-ae1b-fd0ad094535f"}}
[debug] [2021-07-22T06:58:12.508Z] [update-projects/milliontoken-94cf3/locations/us-central1/functions/onReactionOnArticles] Retrying task index 0
[debug] [2021-07-22T06:58:12.508Z] >>> [apiv2][query] GET https://cloudfunctions.googleapis.com/v1/operations/bWlsbGlvbnRva2VuLTk0Y2YzL3VzLWNlbnRyYWwxL29uUmVhY3Rpb25PbkFydGljbGVzL1R5dmswLWV1aVhr [none]
[debug] [2021-07-22T06:58:12.647Z] <<< [apiv2][status] GET https://cloudfunctions.googleapis.com/v1/operations/bWlsbGlvbnRva2VuLTk0Y2YzL3VzLWNlbnRyYWwxL29uUmVhY3Rpb25PbkFydGljbGVzL1R5dmswLWV1aVhr 200
[debug] [2021-07-22T06:58:12.648Z] <<< [apiv2][body] GET https://cloudfunctions.googleapis.com/v1/operations/bWlsbGlvbnRva2VuLTk0Y2YzL3VzLWNlbnRyYWwxL29uUmVhY3Rpb25PbkFydGljbGVzL1R5dmswLWV1aVhr {"name":"operations/bWlsbGlvbnRva2VuLTk0Y2YzL3VzLWNlbnRyYWwxL29uUmVhY3Rpb25PbkFydGljbGVzL1R5dmswLWV1aVhr","metadata":{"@type":"type.googleapis.com/google.cloud.functions.v1.OperationMetadataV1","target":"projects/milliontoken-94cf3/locations/us-central1/functions/onReactionOnArticles","type":"UPDATE_FUNCTION","request":{"@type":"type.googleapis.com/google.cloud.functions.v1.CloudFunction","name":"projects/milliontoken-94cf3/locations/us-central1/functions/onReactionOnArticles","eventTrigger":{"eventType":"providers/cloud.firestore/eventTypes/document.update","resource":"projects/milliontoken-94cf3/databases/(default)/documents/reactions counter/{articleId}","service":"firestore.googleapis.com"},"status":"ACTIVE","entryPoint":"onReactionOnArticles","timeout":"60s","availableMemoryMb":256,"serviceAccountEmail":"milliontoken-94cf3@appspot.gserviceaccount.com","updateTime":"2021-07-22T06:40:27.837Z","versionId":"1","labels":{"deployment-tool":"cli-firebase"},"sourceUploadUrl":"https://storage.googleapis.com/gcf-upload-us-central1-4e03ed18-70d7-405d-a570-a2e2c8471c47/9ac7bac7-afb5-4073-ac88-30a96d43ac94.zip?GoogleAccessId=service-613084589747@gcf-admin-robot.iam.gserviceaccount.com&Expires=1626938881&Signature=JHsml6xHmr3uG0WxW7zyoArmQMeJPl4mDSokii5i9XI8qwJ9DctOuLv%2Fc3lmHEuVsGQ063vnsu3Q3cdyZZgGt9UYL0u2XuEp7NrDP7ACn4P1P%2FWT1HDp5UpSn45UvhOrycTEYnppDj1AMDequXXlPNP2c1vwRbv%2BMv1BqH9VNSAiwkHmHWdDbhwcHg2Ujop1nZerj%2FlIKarvry4xGGdaAG2YRLxiJRu5105Lojr4%2FC4jUkw0fcOlEBCF0I01%2FhwH2xf3FJlhL5QKf2z5zrDq3mMyyPTiLwCxmKnWaFJ7OLxzJYfgDjO%2F6BrIOIxQ90Ff%2BJtCg7G%2BmoBc8r570lybCg%3D%3D","environmentVariables":{"FIREBASE_CONFIG":"{\"projectId\":\"milliontoken-94cf3\",\"storageBucket\":\"milliontoken-94cf3.appspot.com\",\"locationId\":\"us-central\"}"},"runtime":"nodejs12","ingressSettings":"ALLOW_ALL","buildId":"172a9ac3-b444-4b8b-882b-8da23d9f4e06"},"versionId":"2","updateTime":"2021-07-22T06:58:04Z","buildId":"5d11474c-2dc0-4a75-ae1b-fd0ad094535f","buildName":"projects/613084589747/locations/us-central1/builds/5d11474c-2dc0-4a75-ae1b-fd0ad094535f"}}
[debug] [2021-07-22T06:58:20.652Z] [update-projects/milliontoken-94cf3/locations/us-central1/functions/onReactionOnArticles] Retrying task index 0
[debug] [2021-07-22T06:58:20.652Z] >>> [apiv2][query] GET https://cloudfunctions.googleapis.com/v1/operations/bWlsbGlvbnRva2VuLTk0Y2YzL3VzLWNlbnRyYWwxL29uUmVhY3Rpb25PbkFydGljbGVzL1R5dmswLWV1aVhr [none]
[debug] [2021-07-22T06:58:20.775Z] <<< [apiv2][status] GET https://cloudfunctions.googleapis.com/v1/operations/bWlsbGlvbnRva2VuLTk0Y2YzL3VzLWNlbnRyYWwxL29uUmVhY3Rpb25PbkFydGljbGVzL1R5dmswLWV1aVhr 200
[debug] [2021-07-22T06:58:20.775Z] <<< [apiv2][body] GET https://cloudfunctions.googleapis.com/v1/operations/bWlsbGlvbnRva2VuLTk0Y2YzL3VzLWNlbnRyYWwxL29uUmVhY3Rpb25PbkFydGljbGVzL1R5dmswLWV1aVhr {"name":"operations/bWlsbGlvbnRva2VuLTk0Y2YzL3VzLWNlbnRyYWwxL29uUmVhY3Rpb25PbkFydGljbGVzL1R5dmswLWV1aVhr","metadata":{"@type":"type.googleapis.com/google.cloud.functions.v1.OperationMetadataV1","target":"projects/milliontoken-94cf3/locations/us-central1/functions/onReactionOnArticles","type":"UPDATE_FUNCTION","request":{"@type":"type.googleapis.com/google.cloud.functions.v1.CloudFunction","name":"projects/milliontoken-94cf3/locations/us-central1/functions/onReactionOnArticles","eventTrigger":{"eventType":"providers/cloud.firestore/eventTypes/document.update","resource":"projects/milliontoken-94cf3/databases/(default)/documents/reactions counter/{articleId}","service":"firestore.googleapis.com"},"status":"ACTIVE","entryPoint":"onReactionOnArticles","timeout":"60s","availableMemoryMb":256,"serviceAccountEmail":"milliontoken-94cf3@appspot.gserviceaccount.com","updateTime":"2021-07-22T06:40:27.837Z","versionId":"1","labels":{"deployment-tool":"cli-firebase"},"sourceUploadUrl":"https://storage.googleapis.com/gcf-upload-us-central1-4e03ed18-70d7-405d-a570-a2e2c8471c47/9ac7bac7-afb5-4073-ac88-30a96d43ac94.zip?GoogleAccessId=service-613084589747@gcf-admin-robot.iam.gserviceaccount.com&Expires=1626938881&Signature=JHsml6xHmr3uG0WxW7zyoArmQMeJPl4mDSokii5i9XI8qwJ9DctOuLv%2Fc3lmHEuVsGQ063vnsu3Q3cdyZZgGt9UYL0u2XuEp7NrDP7ACn4P1P%2FWT1HDp5UpSn45UvhOrycTEYnppDj1AMDequXXlPNP2c1vwRbv%2BMv1BqH9VNSAiwkHmHWdDbhwcHg2Ujop1nZerj%2FlIKarvry4xGGdaAG2YRLxiJRu5105Lojr4%2FC4jUkw0fcOlEBCF0I01%2FhwH2xf3FJlhL5QKf2z5zrDq3mMyyPTiLwCxmKnWaFJ7OLxzJYfgDjO%2F6BrIOIxQ90Ff%2BJtCg7G%2BmoBc8r570lybCg%3D%3D","environmentVariables":{"FIREBASE_CONFIG":"{\"projectId\":\"milliontoken-94cf3\",\"storageBucket\":\"milliontoken-94cf3.appspot.com\",\"locationId\":\"us-central\"}"},"runtime":"nodejs12","ingressSettings":"ALLOW_ALL","buildId":"172a9ac3-b444-4b8b-882b-8da23d9f4e06"},"versionId":"2","updateTime":"2021-07-22T06:58:04Z","buildId":"5d11474c-2dc0-4a75-ae1b-fd0ad094535f","buildName":"projects/613084589747/locations/us-central1/builds/5d11474c-2dc0-4a75-ae1b-fd0ad094535f"}}
[debug] [2021-07-22T06:58:36.777Z] [update-projects/milliontoken-94cf3/locations/us-central1/functions/onReactionOnArticles] Retrying task index 0
[debug] [2021-07-22T06:58:36.778Z] >>> [apiv2][query] GET https://cloudfunctions.googleapis.com/v1/operations/bWlsbGlvbnRva2VuLTk0Y2YzL3VzLWNlbnRyYWwxL29uUmVhY3Rpb25PbkFydGljbGVzL1R5dmswLWV1aVhr [none]
[debug] [2021-07-22T06:58:36.910Z] <<< [apiv2][status] GET https://cloudfunctions.googleapis.com/v1/operations/bWlsbGlvbnRva2VuLTk0Y2YzL3VzLWNlbnRyYWwxL29uUmVhY3Rpb25PbkFydGljbGVzL1R5dmswLWV1aVhr 200
[debug] [2021-07-22T06:58:36.910Z] <<< [apiv2][body] GET https://cloudfunctions.googleapis.com/v1/operations/bWlsbGlvbnRva2VuLTk0Y2YzL3VzLWNlbnRyYWwxL29uUmVhY3Rpb25PbkFydGljbGVzL1R5dmswLWV1aVhr {"name":"operations/bWlsbGlvbnRva2VuLTk0Y2YzL3VzLWNlbnRyYWwxL29uUmVhY3Rpb25PbkFydGljbGVzL1R5dmswLWV1aVhr","metadata":{"@type":"type.googleapis.com/google.cloud.functions.v1.OperationMetadataV1","target":"projects/milliontoken-94cf3/locations/us-central1/functions/onReactionOnArticles","type":"UPDATE_FUNCTION","request":{"@type":"type.googleapis.com/google.cloud.functions.v1.CloudFunction","name":"projects/milliontoken-94cf3/locations/us-central1/functions/onReactionOnArticles","eventTrigger":{"eventType":"providers/cloud.firestore/eventTypes/document.update","resource":"projects/milliontoken-94cf3/databases/(default)/documents/reactions counter/{articleId}","service":"firestore.googleapis.com"},"status":"ACTIVE","entryPoint":"onReactionOnArticles","timeout":"60s","availableMemoryMb":256,"serviceAccountEmail":"milliontoken-94cf3@appspot.gserviceaccount.com","updateTime":"2021-07-22T06:40:27.837Z","versionId":"1","labels":{"deployment-tool":"cli-firebase"},"sourceUploadUrl":"https://storage.googleapis.com/gcf-upload-us-central1-4e03ed18-70d7-405d-a570-a2e2c8471c47/9ac7bac7-afb5-4073-ac88-30a96d43ac94.zip?GoogleAccessId=service-613084589747@gcf-admin-robot.iam.gserviceaccount.com&Expires=1626938881&Signature=JHsml6xHmr3uG0WxW7zyoArmQMeJPl4mDSokii5i9XI8qwJ9DctOuLv%2Fc3lmHEuVsGQ063vnsu3Q3cdyZZgGt9UYL0u2XuEp7NrDP7ACn4P1P%2FWT1HDp5UpSn45UvhOrycTEYnppDj1AMDequXXlPNP2c1vwRbv%2BMv1BqH9VNSAiwkHmHWdDbhwcHg2Ujop1nZerj%2FlIKarvry4xGGdaAG2YRLxiJRu5105Lojr4%2FC4jUkw0fcOlEBCF0I01%2FhwH2xf3FJlhL5QKf2z5zrDq3mMyyPTiLwCxmKnWaFJ7OLxzJYfgDjO%2F6BrIOIxQ90Ff%2BJtCg7G%2BmoBc8r570lybCg%3D%3D","environmentVariables":{"FIREBASE_CONFIG":"{\"projectId\":\"milliontoken-94cf3\",\"storageBucket\":\"milliontoken-94cf3.appspot.com\",\"locationId\":\"us-central\"}"},"runtime":"nodejs12","ingressSettings":"ALLOW_ALL","buildId":"172a9ac3-b444-4b8b-882b-8da23d9f4e06"},"versionId":"2","updateTime":"2021-07-22T06:58:04Z","buildId":"5d11474c-2dc0-4a75-ae1b-fd0ad094535f","buildName":"projects/613084589747/locations/us-central1/builds/5d11474c-2dc0-4a75-ae1b-fd0ad094535f"}}
